###############################################################################
#
# IAR ANSI C/C++ Compiler V9.30.1.335/W64 for ARM         29/Nov/2022  22:59:06
# Copyright 1999-2022 IAR Systems AB.
#
#    Cpu mode                     =  thumb
#    Endian                       =  little
#    Source file                  =  C:\embedded\project\user\main.c
#    Command line                 =
#        -f C:\embedded\project\Debug\Obj\user\main.o.rsp
#        (C:\embedded\project\user\main.c -D USE_STDPERIPH_DRIVER -D
#        STM32F10X_CL -lC C:\embedded\project\Debug\List\user -o
#        C:\embedded\project\Debug\Obj\user --no_cse --no_unroll --no_inline
#        --no_code_motion --no_tbaa --no_clustering --no_scheduling --debug
#        --endian=little --cpu=Cortex-M3 -e --fpu=None --dlib_config
#        "C:\Program Files\IAR Systems\Embedded Workbench
#        9.1\arm\inc\c\DLib_Config_Normal.h" -I
#        C:\embedded\project\Libraries\CMSIS\DeviceSupport\ -I
#        C:\embedded\project\Libraries\CMSIS\DeviceSupport\Startup\ -I
#        C:\embedded\project\Libraries\STM32F10x_StdPeriph_Driver_v3.5\inc\ -I
#        C:\embedded\project\Libraries\STM32F10x_StdPeriph_Driver_v3.5\src\ -I
#        C:\embedded\project\Libraries\LCD\ -I C:\embedded\project\user\ -I
#        C:\embedded\project\user\inc\ -Ol -I "C:\Program Files\IAR
#        Systems\Embedded Workbench 9.1\arm\CMSIS\Core\Include\\")
#        --dependencies=n C:\embedded\project\Debug\Obj\user\main.o.d
#    Locale                       =  C
#    List file                    =
#        C:\embedded\project\Debug\List\user\main.lst
#    Object file                  =  C:\embedded\project\Debug\Obj\user\main.o
#    Runtime model:                  
#      __CPP_Runtime              =  1
#      __SystemLibrary            =  DLib
#      __dlib_file_descriptor     =  0
#      __dlib_full_locale_support =  0
#      __dlib_version             =  6
#      __size_limit               =  32768|ARM.EW.LINKER
#
###############################################################################

C:\embedded\project\user\main.c
      1          #include "stm32f10x.h"
      2          #include "core_cm3.h"
      3          #include "misc.h"
      4          #include "stm32f10x_gpio.h"
      5          #include "stm32f10x_rcc.h"
      6          #include "stm32f10x_usart.h"
      7          #include "stm32f10x_adc.h"
      8          #include "lcd.h"
      9          #include "touch.h"
     10          #include "pir.h"
     11          #include "ultrasonic.h"
     12          #include <stdio.h>
     13          #include <stdlib.h>
     14          #include <moveWheel.h>
     15          #include <DS3231_BUZZER.h>
     16          
     17          void RCC_Configure(void);
     18          void GPIO_Configure(void);
     19          
     20          void EXTI_Configure(void);
     21          void NVIC_Configure(void);
     22          
     23          void EXTI1_IRQHandler(void);
     24          void EXTI0_IRQHandler(void);
     25          

   \                                 In section .bss, align 4
     26          int humanDetect1 = 0;
   \                     humanDetect1:
   \        0x0                      DS8 4

   \                                 In section .bss, align 4
     27          int humanDetect2 = 0;
   \                     humanDetect2:
   \        0x0                      DS8 4
     28          void setDirection();
     29          

   \                                 In section .bss, align 4
     30          int directionFlag = 0;
   \                     directionFlag:
   \        0x0                      DS8 4

   \                                 In section .bss, align 4
     31          int onOff = 0;
   \                     onOff:
   \        0x0                      DS8 4
     32          
     33          extern int Alarm_ONOFF;
     34          //---------------------------------------------------------------------------------------------------
     35          

   \                                 In section .text, align 2, keep-with-next
     36          void RCC_Configure(void)
     37          {
   \                     RCC_Configure: (+1)
   \        0x0   0xB580             PUSH     {R7,LR}
     38            RCC_APB2PeriphClockCmd(RCC_APB2Periph_AFIO, ENABLE);    // interrupt
   \        0x2   0x2101             MOVS     R1,#+1
   \        0x4   0x2001             MOVS     R0,#+1
   \        0x6   0x.... 0x....      BL       RCC_APB2PeriphClockCmd
     39            RCC_APB2PeriphClockCmd(RCC_APB2Periph_GPIOD,ENABLE);  // RCC GPIO D
   \        0xA   0x2101             MOVS     R1,#+1
   \        0xC   0x2020             MOVS     R0,#+32
   \        0xE   0x.... 0x....      BL       RCC_APB2PeriphClockCmd
     40          }
   \       0x12   0xBD01             POP      {R0,PC}
     41          

   \                                 In section .text, align 2, keep-with-next
     42          void GPIO_Configure(void)
     43          {
     44            GPIO_InitTypeDef GPIO_InitStructure;
                                    ^
Warning[Pe177]: variable "GPIO_InitStructure" was declared but never referenced
     45            // TODO: Initialize the GPIO pins using the structure 'GPIO_InitTypeDef' and the function 'GPIO_Init'
     46          }
   \                     GPIO_Configure: (+1)
   \        0x0   0x4770             BX       LR
     47          

   \                                 In section .text, align 2, keep-with-next
     48          void EXTI_Configure(void)
     49          {
   \                     EXTI_Configure: (+1)
   \        0x0   0xB5E0             PUSH     {R5-R7,LR}
     50              EXTI_InitTypeDef EXTI_InitStructure;
     51          
     52             // TODO: Select the GPIO pin (Joystick, button) used as EXTI Line using function 'GPIO_EXTILineConfig'
     53             // TODO: Initialize the EXTI using the structure 'EXTI_InitTypeDef' and the function 'EXTI_Init'
     54             
     55              /* human body1 */
     56              GPIO_EXTILineConfig(GPIO_PortSourceGPIOD, GPIO_PinSource1);
   \        0x2   0x2101             MOVS     R1,#+1
   \        0x4   0x2003             MOVS     R0,#+3
   \        0x6   0x.... 0x....      BL       GPIO_EXTILineConfig
     57              EXTI_InitStructure.EXTI_Line = EXTI_Line1;
   \        0xA   0x2002             MOVS     R0,#+2
   \        0xC   0x9000             STR      R0,[SP, #+0]
     58              EXTI_InitStructure.EXTI_Mode = EXTI_Mode_Interrupt;
   \        0xE   0x2000             MOVS     R0,#+0
   \       0x10   0xF88D 0x0004      STRB     R0,[SP, #+4]
     59              EXTI_InitStructure.EXTI_Trigger = EXTI_Trigger_Rising;
   \       0x14   0x2008             MOVS     R0,#+8
   \       0x16   0xF88D 0x0005      STRB     R0,[SP, #+5]
     60              EXTI_InitStructure.EXTI_LineCmd = ENABLE;
   \       0x1A   0x2001             MOVS     R0,#+1
   \       0x1C   0xF88D 0x0006      STRB     R0,[SP, #+6]
     61              EXTI_Init(&EXTI_InitStructure);
   \       0x20   0x4668             MOV      R0,SP
   \       0x22   0x.... 0x....      BL       EXTI_Init
     62              
     63              /* human body2 */
     64              GPIO_EXTILineConfig(GPIO_PortSourceGPIOD, GPIO_PinSource0);
   \       0x26   0x2100             MOVS     R1,#+0
   \       0x28   0x2003             MOVS     R0,#+3
   \       0x2A   0x.... 0x....      BL       GPIO_EXTILineConfig
     65              EXTI_InitStructure.EXTI_Line = EXTI_Line0;
   \       0x2E   0x2001             MOVS     R0,#+1
   \       0x30   0x9000             STR      R0,[SP, #+0]
     66              EXTI_InitStructure.EXTI_Mode = EXTI_Mode_Interrupt;
   \       0x32   0x2000             MOVS     R0,#+0
   \       0x34   0xF88D 0x0004      STRB     R0,[SP, #+4]
     67              EXTI_InitStructure.EXTI_Trigger = EXTI_Trigger_Rising;
   \       0x38   0x2008             MOVS     R0,#+8
   \       0x3A   0xF88D 0x0005      STRB     R0,[SP, #+5]
     68              EXTI_InitStructure.EXTI_LineCmd = ENABLE;
   \       0x3E   0x2001             MOVS     R0,#+1
   \       0x40   0xF88D 0x0006      STRB     R0,[SP, #+6]
     69              EXTI_Init(&EXTI_InitStructure);
   \       0x44   0x4668             MOV      R0,SP
   \       0x46   0x.... 0x....      BL       EXTI_Init
     70          
     71              
     72             
     73             // NOTE: do not select the UART GPIO pin used as EXTI Line here
     74          }
   \       0x4A   0xBD07             POP      {R0-R2,PC}
     75          

   \                                 In section .text, align 2, keep-with-next
     76          void NVIC_Configure(void) {
   \                     NVIC_Configure: (+1)
   \        0x0   0xB580             PUSH     {R7,LR}
     77          
     78              NVIC_InitTypeDef NVIC_InitStructure;
     79              
     80              // TODO: fill the arg you want
     81              NVIC_PriorityGroupConfig(NVIC_PriorityGroup_2);
   \        0x2   0xF44F 0x60A0      MOV      R0,#+1280
   \        0x6   0x.... 0x....      BL       NVIC_PriorityGroupConfig
     82          
     83             // TODO: Initialize the NVIC using the structure 'NVIC_InitTypeDef' and the function 'NVIC_Init'
     84             
     85              // human body detect1
     86              NVIC_InitStructure.NVIC_IRQChannel = EXTI1_IRQn;
   \        0xA   0x2007             MOVS     R0,#+7
   \        0xC   0xF88D 0x0000      STRB     R0,[SP, #+0]
     87              NVIC_InitStructure.NVIC_IRQChannelPreemptionPriority = 1; // TODO
   \       0x10   0x2001             MOVS     R0,#+1
   \       0x12   0xF88D 0x0001      STRB     R0,[SP, #+1]
     88              NVIC_InitStructure.NVIC_IRQChannelSubPriority = 0; // TODO
   \       0x16   0x2000             MOVS     R0,#+0
   \       0x18   0xF88D 0x0002      STRB     R0,[SP, #+2]
     89              NVIC_InitStructure.NVIC_IRQChannelCmd = ENABLE;
   \       0x1C   0x2001             MOVS     R0,#+1
   \       0x1E   0xF88D 0x0003      STRB     R0,[SP, #+3]
     90              NVIC_Init(&NVIC_InitStructure);
   \       0x22   0x4668             MOV      R0,SP
   \       0x24   0x.... 0x....      BL       NVIC_Init
     91              
     92              // human body detect2
     93              NVIC_InitStructure.NVIC_IRQChannel = EXTI0_IRQn;
   \       0x28   0x2006             MOVS     R0,#+6
   \       0x2A   0xF88D 0x0000      STRB     R0,[SP, #+0]
     94              NVIC_InitStructure.NVIC_IRQChannelPreemptionPriority = 1; // TODO
   \       0x2E   0x2001             MOVS     R0,#+1
   \       0x30   0xF88D 0x0001      STRB     R0,[SP, #+1]
     95              NVIC_InitStructure.NVIC_IRQChannelSubPriority = 0; // TODO
   \       0x34   0x2000             MOVS     R0,#+0
   \       0x36   0xF88D 0x0002      STRB     R0,[SP, #+2]
     96              NVIC_InitStructure.NVIC_IRQChannelCmd = ENABLE;
   \       0x3A   0x2001             MOVS     R0,#+1
   \       0x3C   0xF88D 0x0003      STRB     R0,[SP, #+3]
     97              NVIC_Init(&NVIC_InitStructure);
   \       0x40   0x4668             MOV      R0,SP
   \       0x42   0x.... 0x....      BL       NVIC_Init
     98          }
   \       0x46   0xBD01             POP      {R0,PC}
     99          

   \                                 In section .text, align 2, keep-with-next
    100          void EXTI1_IRQHandler(void) { // PIR INTERRUPT1
   \                     EXTI1_IRQHandler: (+1)
   \        0x0   0xB580             PUSH     {R7,LR}
    101             if (EXTI_GetITStatus(EXTI_Line1) != RESET) {
   \        0x2   0x2002             MOVS     R0,#+2
   \        0x4   0x.... 0x....      BL       EXTI_GetITStatus
   \        0x8   0x2800             CMP      R0,#+0
   \        0xA   0xD006             BEQ.N    ??EXTI1_IRQHandler_0
    102                    
    103                    humanDetect1++;
   \        0xC   0x....             LDR.N    R0,??DataTable4
   \        0xE   0x6801             LDR      R1,[R0, #+0]
   \       0x10   0x1C49             ADDS     R1,R1,#+1
   \       0x12   0x6001             STR      R1,[R0, #+0]
    104                    
    105                    
    106                    EXTI_ClearITPendingBit(EXTI_Line1);
   \       0x14   0x2002             MOVS     R0,#+2
   \       0x16   0x.... 0x....      BL       EXTI_ClearITPendingBit
    107             }
    108          }
   \                     ??EXTI1_IRQHandler_0: (+1)
   \       0x1A   0xBD01             POP      {R0,PC}
    109          

   \                                 In section .text, align 2, keep-with-next
    110          void EXTI0_IRQHandler(void) { // PIR INTERRUPT2
   \                     EXTI0_IRQHandler: (+1)
   \        0x0   0xB580             PUSH     {R7,LR}
    111             if (EXTI_GetITStatus(EXTI_Line0) != RESET) {
   \        0x2   0x2001             MOVS     R0,#+1
   \        0x4   0x.... 0x....      BL       EXTI_GetITStatus
   \        0x8   0x2800             CMP      R0,#+0
   \        0xA   0xD006             BEQ.N    ??EXTI0_IRQHandler_0
    112                    
    113                    humanDetect2++;
   \        0xC   0x....             LDR.N    R0,??DataTable4_1
   \        0xE   0x6801             LDR      R1,[R0, #+0]
   \       0x10   0x1C49             ADDS     R1,R1,#+1
   \       0x12   0x6001             STR      R1,[R0, #+0]
    114                    
    115                    
    116                    EXTI_ClearITPendingBit(EXTI_Line0);
   \       0x14   0x2001             MOVS     R0,#+1
   \       0x16   0x.... 0x....      BL       EXTI_ClearITPendingBit
    117             }
    118          }
   \                     ??EXTI0_IRQHandler_0: (+1)
   \       0x1A   0xBD01             POP      {R0,PC}
    119          
    120          

   \                                 In section .text, align 2, keep-with-next
    121          void delay(void) {
    122             int i;
    123             for (i = 0; i < 20000000; i++) {}
   \                     delay: (+1)
   \        0x0   0x2000             MOVS     R0,#+0
   \        0x2   0xE000             B.N      ??delay_0
   \                     ??delay_1: (+1)
   \        0x4   0x1C40             ADDS     R0,R0,#+1
   \                     ??delay_0: (+1)
   \        0x6   0x....             LDR.N    R1,??DataTable4_2
   \        0x8   0x4288             CMP      R0,R1
   \        0xA   0xDBFB             BLT.N    ??delay_1
    124          }
   \        0xC   0x4770             BX       LR
    125          

   \                                 In section .text, align 2, keep-with-next
    126          void setDirection(int flag){
   \                     setDirection: (+1)
   \        0x0   0xB580             PUSH     {R7,LR}
    127            switch(flag){
   \        0x2   0x2800             CMP      R0,#+0
   \        0x4   0xD009             BEQ.N    ??setDirection_0
   \        0x6   0x2802             CMP      R0,#+2
   \        0x8   0xD00D             BEQ.N    ??setDirection_1
   \        0xA   0xD309             BCC.N    ??setDirection_2
   \        0xC   0x2804             CMP      R0,#+4
   \        0xE   0xD010             BEQ.N    ??setDirection_3
   \       0x10   0xD30C             BCC.N    ??setDirection_4
   \       0x12   0x2806             CMP      R0,#+6
   \       0x14   0xD013             BEQ.N    ??setDirection_5
   \       0x16   0xD30F             BCC.N    ??setDirection_6
   \       0x18   0xE013             B.N      ??setDirection_7
    128            case 0:
    129              stopAllWheel();
   \                     ??setDirection_0: (+1)
   \       0x1A   0x.... 0x....      BL       stopAllWheel
    130              break;
   \       0x1E   0xE010             B.N      ??setDirection_7
    131            case 1:
    132              setDirectionToFront();
   \                     ??setDirection_2: (+1)
   \       0x20   0x.... 0x....      BL       setDirectionToFront
    133              break;
   \       0x24   0xE00D             B.N      ??setDirection_7
    134            case 2:
    135              setDirectionToBack();
   \                     ??setDirection_1: (+1)
   \       0x26   0x.... 0x....      BL       setDirectionToBack
    136              break;
   \       0x2A   0xE00A             B.N      ??setDirection_7
    137            case 3:
    138              turnToRight();
   \                     ??setDirection_4: (+1)
   \       0x2C   0x.... 0x....      BL       turnToRight
    139              break;
   \       0x30   0xE007             B.N      ??setDirection_7
    140            case 4:
    141              turnToLeft();
   \                     ??setDirection_3: (+1)
   \       0x32   0x.... 0x....      BL       turnToLeft
    142              break;
   \       0x36   0xE004             B.N      ??setDirection_7
    143            case 5:
    144              turnToRight90();
   \                     ??setDirection_6: (+1)
   \       0x38   0x.... 0x....      BL       turnToRight90
    145              break;
   \       0x3C   0xE001             B.N      ??setDirection_7
    146            case 6:
    147              turnToLeft90();
   \                     ??setDirection_5: (+1)
   \       0x3E   0x.... 0x....      BL       turnToLeft90
    148              break;
    149            }
    150          }
   \                     ??setDirection_7: (+1)
   \       0x42   0xBD01             POP      {R0,PC}
    151          
    152          extern int Alarm_ONOFF;

   \                                 In section .text, align 2, keep-with-next
    153          int main() {
   \                     main: (+1)
   \        0x0   0xB570             PUSH     {R4-R6,LR}
   \        0x2   0xB086             SUB      SP,SP,#+24
    154            // LCD 관련 설정은 LCD_Init에 구현되어 있으므로 여기서 할 필요 없음
    155            SystemInit();
   \        0x4   0x.... 0x....      BL       SystemInit
    156            RCC_Configure();
   \        0x8   0x.... 0x....      BL       RCC_Configure
    157            GPIO_Configure();
   \        0xC   0x.... 0x....      BL       GPIO_Configure
    158            EXTI_Configure();
   \       0x10   0x.... 0x....      BL       EXTI_Configure
    159            GPIO_Configure_wheel();
   \       0x14   0x.... 0x....      BL       GPIO_Configure_wheel
    160            RCC_Configure_wheel_pinE();
   \       0x18   0x.... 0x....      BL       RCC_Configure_wheel_pinE
    161            
    162            NVIC_Configure();
   \       0x1C   0x.... 0x....      BL       NVIC_Configure
    163            // ------------------------------------
    164            Init_PIR();
   \       0x20   0x.... 0x....      BL       Init_PIR
    165            InitHCSR04();
   \       0x24   0x.... 0x....      BL       InitHCSR04
    166          
    167            LCD_Init();
   \       0x28   0x.... 0x....      BL       LCD_Init
    168            LCD_Clear(WHITE);
   \       0x2C   0xF64F 0x74FF      MOVW     R4,#+65535
   \       0x30   0x0020             MOVS     R0,R4
   \       0x32   0x.... 0x....      BL       LCD_Clear
    169            
    170            //----------------------------------------
    171              DS3231_Alarm_Init();
   \       0x36   0x.... 0x....      BL       DS3231_Alarm_Init
    172            
    173            ds3231_time ds_time_default;   //구조체 변수 선언
    174          
    175            //DS3231에 새롭게 입력할 시간 데이터들을 설정 (위에서 선언한 변수 사용)
    176            ds_time_default.sec=0;
   \       0x3A   0x2000             MOVS     R0,#+0
   \       0x3C   0xF88D 0x0008      STRB     R0,[SP, #+8]
    177            ds_time_default.min=55;
   \       0x40   0x2037             MOVS     R0,#+55
   \       0x42   0xF88D 0x0009      STRB     R0,[SP, #+9]
    178            ds_time_default.hour_select.am_pm_24=ds3231_PM;
   \       0x46   0x2001             MOVS     R0,#+1
   \       0x48   0xF88D 0x000A      STRB     R0,[SP, #+10]
    179            ds_time_default.hour_select.hour=8;
   \       0x4C   0x2008             MOVS     R0,#+8
   \       0x4E   0xF88D 0x000B      STRB     R0,[SP, #+11]
    180            ds_time_default.day=3;
   \       0x52   0x2003             MOVS     R0,#+3
   \       0x54   0xF88D 0x000C      STRB     R0,[SP, #+12]
    181            ds_time_default.date=29;
   \       0x58   0x201D             MOVS     R0,#+29
   \       0x5A   0xF88D 0x000D      STRB     R0,[SP, #+13]
    182            ds_time_default.month=11;
   \       0x5E   0x200B             MOVS     R0,#+11
   \       0x60   0xF88D 0x000E      STRB     R0,[SP, #+14]
    183            ds_time_default.year=22;
   \       0x64   0x2016             MOVS     R0,#+22
   \       0x66   0xF88D 0x000F      STRB     R0,[SP, #+15]
    184          
    185            ds3231_write_time(&ds_time_default);   //구조체를 이용해 DS3231에 시간 데이터 입력
   \       0x6A   0xA802             ADD      R0,SP,#+8
   \       0x6C   0x.... 0x....      BL       ds3231_write_time
    186            ds3231_read_time(&ds_time_default);   
   \       0x70   0xA802             ADD      R0,SP,#+8
   \       0x72   0x.... 0x....      BL       ds3231_read_time
    187            //시간이 변경됐는지 확인하기 위해 타임 레지스터에 저장되어있는 시간 데이터 읽어옴
    188            
    189            ds3231_Alarm1 alarm1_default;
    190            
    191            alarm1_default.sec=20;
   \       0x76   0x2014             MOVS     R0,#+20
   \       0x78   0xF88D 0x0010      STRB     R0,[SP, #+16]
    192            alarm1_default.min=55;
   \       0x7C   0x2037             MOVS     R0,#+55
   \       0x7E   0xF88D 0x0011      STRB     R0,[SP, #+17]
    193            alarm1_default.hour_select.am_pm_24=ds3231_PM;
   \       0x82   0x2001             MOVS     R0,#+1
   \       0x84   0xF88D 0x0012      STRB     R0,[SP, #+18]
    194            alarm1_default.hour_select.hour=8;
   \       0x88   0x2008             MOVS     R0,#+8
   \       0x8A   0xF88D 0x0013      STRB     R0,[SP, #+19]
    195            alarm1_default.day_date_select.value=29;
   \       0x8E   0x201D             MOVS     R0,#+29
   \       0x90   0xF88D 0x0015      STRB     R0,[SP, #+21]
    196            alarm1_default.day_date_select.day_or_date=ds3231_date;
   \       0x94   0x2000             MOVS     R0,#+0
   \       0x96   0xF88D 0x0014      STRB     R0,[SP, #+20]
    197            
    198            ds3231_set_alarm1(&alarm1_default);
   \       0x9A   0xA804             ADD      R0,SP,#+16
   \       0x9C   0x.... 0x....      BL       ds3231_set_alarm1
    199            ds3231_read_alarm1(&alarm1_default);
   \       0xA0   0xA804             ADD      R0,SP,#+16
   \       0xA2   0x.... 0x....      BL       ds3231_read_alarm1
    200            
    201          
    202            while(1){
    203              int32_t dist = HCSR04GetDistance();
   \                     ??main_0: (+1)
   \       0xA6   0x.... 0x....      BL       HCSR04GetDistance
   \       0xAA   0x0005             MOVS     R5,R0
    204              LCD_ShowNum(65, 160, dist, 5, BLACK, WHITE);
   \       0xAC   0x0020             MOVS     R0,R4
   \       0xAE   0x9001             STR      R0,[SP, #+4]
   \       0xB0   0x2000             MOVS     R0,#+0
   \       0xB2   0x9000             STR      R0,[SP, #+0]
   \       0xB4   0x2305             MOVS     R3,#+5
   \       0xB6   0x002A             MOVS     R2,R5
   \       0xB8   0x21A0             MOVS     R1,#+160
   \       0xBA   0x2041             MOVS     R0,#+65
   \       0xBC   0x.... 0x....      BL       LCD_ShowNum
    205              
    206              LCD_ShowNum(65, 190, humanDetect1, 5, BLACK, WHITE);
   \       0xC0   0x0020             MOVS     R0,R4
   \       0xC2   0x9001             STR      R0,[SP, #+4]
   \       0xC4   0x2000             MOVS     R0,#+0
   \       0xC6   0x9000             STR      R0,[SP, #+0]
   \       0xC8   0x2305             MOVS     R3,#+5
   \       0xCA   0x....             LDR.N    R0,??DataTable4
   \       0xCC   0x6802             LDR      R2,[R0, #+0]
   \       0xCE   0x21BE             MOVS     R1,#+190
   \       0xD0   0x2041             MOVS     R0,#+65
   \       0xD2   0x.... 0x....      BL       LCD_ShowNum
    207              LCD_ShowNum(65, 220, humanDetect2, 5, BLACK, WHITE);
   \       0xD6   0x0020             MOVS     R0,R4
   \       0xD8   0x9001             STR      R0,[SP, #+4]
   \       0xDA   0x2000             MOVS     R0,#+0
   \       0xDC   0x9000             STR      R0,[SP, #+0]
   \       0xDE   0x2305             MOVS     R3,#+5
   \       0xE0   0x....             LDR.N    R0,??DataTable4_1
   \       0xE2   0x6802             LDR      R2,[R0, #+0]
   \       0xE4   0x21DC             MOVS     R1,#+220
   \       0xE6   0x2041             MOVS     R0,#+65
   \       0xE8   0x.... 0x....      BL       LCD_ShowNum
    208              //---------------------------------------------------
    209              ds3231_read_time(&ds_time_default);
   \       0xEC   0xA802             ADD      R0,SP,#+8
   \       0xEE   0x.... 0x....      BL       ds3231_read_time
    210              alarm_check(&ds_time_default, &alarm1_default);
   \       0xF2   0xA904             ADD      R1,SP,#+16
   \       0xF4   0xA802             ADD      R0,SP,#+8
   \       0xF6   0x.... 0x....      BL       alarm_check
    211              Delay_little();
   \       0xFA   0x.... 0x....      BL       Delay_little
    212              setDirection(directionFlag);
   \       0xFE   0x....             LDR.N    R6,??DataTable4_3
   \      0x100   0x6830             LDR      R0,[R6, #+0]
   \      0x102   0x.... 0x....      BL       setDirection
    213              if(dist <= 200){
   \      0x106   0x2DC9             CMP      R5,#+201
   \      0x108   0xDA01             BGE.N    ??main_1
    214                //todo 초음파 센서 값 비교
    215                directionFlag = 3;
   \      0x10A   0x2003             MOVS     R0,#+3
   \      0x10C   0x6030             STR      R0,[R6, #+0]
    216              }
    217              
    218              if (Alarm_ONOFF == 0) {
   \                     ??main_1: (+1)
   \      0x10E   0xE7CA             B.N      ??main_0
    219                
    220              }
    221            }
    222          }

   \                                 In section .text, align 4, keep-with-next
   \                     ??DataTable4:
   \        0x0   0x....'....        DC32     humanDetect1

   \                                 In section .text, align 4, keep-with-next
   \                     ??DataTable4_1:
   \        0x0   0x....'....        DC32     humanDetect2

   \                                 In section .text, align 4, keep-with-next
   \                     ??DataTable4_2:
   \        0x0   0x0131'2D00        DC32     0x1312d00

   \                                 In section .text, align 4, keep-with-next
   \                     ??DataTable4_3:
   \        0x0   0x....'....        DC32     directionFlag

   Maximum stack usage in bytes:

   .cstack Function
   ------- --------
       8   EXTI0_IRQHandler
         8   -> EXTI_ClearITPendingBit
         8   -> EXTI_GetITStatus
       8   EXTI1_IRQHandler
         8   -> EXTI_ClearITPendingBit
         8   -> EXTI_GetITStatus
      16   EXTI_Configure
        16   -> EXTI_Init
        16   -> GPIO_EXTILineConfig
       0   GPIO_Configure
       8   NVIC_Configure
         8   -> NVIC_Init
         8   -> NVIC_PriorityGroupConfig
       8   RCC_Configure
         8   -> RCC_APB2PeriphClockCmd
       0   delay
      40   main
        40   -> DS3231_Alarm_Init
        40   -> Delay_little
        40   -> EXTI_Configure
        40   -> GPIO_Configure
        40   -> GPIO_Configure_wheel
        40   -> HCSR04GetDistance
        40   -> InitHCSR04
        40   -> Init_PIR
        40   -> LCD_Clear
        40   -> LCD_Init
        40   -> LCD_ShowNum
        40   -> NVIC_Configure
        40   -> RCC_Configure
        40   -> RCC_Configure_wheel_pinE
        40   -> SystemInit
        40   -> alarm_check
        40   -> ds3231_read_alarm1
        40   -> ds3231_read_time
        40   -> ds3231_set_alarm1
        40   -> ds3231_write_time
        40   -> setDirection
       8   setDirection
         8   -> setDirectionToBack
         8   -> setDirectionToFront
         8   -> stopAllWheel
         8   -> turnToLeft
         8   -> turnToLeft90
         8   -> turnToRight
         8   -> turnToRight90


   Section sizes:

   Bytes  Function/Label
   -----  --------------
       4  ??DataTable4
       4  ??DataTable4_1
       4  ??DataTable4_2
       4  ??DataTable4_3
      28  EXTI0_IRQHandler
      28  EXTI1_IRQHandler
      76  EXTI_Configure
       2  GPIO_Configure
      72  NVIC_Configure
      20  RCC_Configure
      14  delay
       4  directionFlag
       4  humanDetect1
       4  humanDetect2
     272  main
       4  onOff
      68  setDirection

 
  16 bytes in section .bss
 596 bytes in section .text
 
 596 bytes of CODE memory
  16 bytes of DATA memory

Errors: none
Warnings: 1
